<?xml version="1.0" encoding="UTF-8"?>
<!-- Generated by org.testng.reporters.JUnitXMLReporter -->
<testsuite ignored="2" hostname="DESKTOP-V66HCCD" failures="0" tests="2" name="TestQA" time="10.745" errors="0" timestamp="2024-10-23T11:28:23 IST">
  <testcase classname="script.ValidLogin" name="testValidLogin" time="2.193"/>
  <testcase classname="script.InvalidLogin" name="testInvalidLogin" time="0.987"/>
  <testcase classname="generic.BaseTest" name="@BeforeSuite initReport" time="0.0">
    <ignored/>
  </testcase> <!-- @BeforeSuite initReport -->
  <testcase classname="generic.BaseTest" name="@AfterSuite generateReport" time="0.0">
    <ignored/>
  </testcase> <!-- @AfterSuite generateReport -->
</testsuite> <!-- TestQA -->
