<?xml version="1.0" encoding="UTF-8"?>
<!-- Generated by org.testng.reporters.JUnitXMLReporter -->
<testsuite ignored="2" hostname="DESKTOP-V66HCCD" failures="0" tests="2" name="TestP" time="19.237" errors="0" timestamp="2024-10-23T11:28:31 IST">
  <testcase classname="script.ValidLogin" name="testValidLogin" time="1.926"/>
  <testcase classname="script.InvalidLogin" name="testInvalidLogin" time="0.541"/>
  <testcase classname="generic.BaseTest" name="@BeforeSuite initReport" time="0.0">
    <ignored/>
  </testcase> <!-- @BeforeSuite initReport -->
  <testcase classname="generic.BaseTest" name="@AfterSuite generateReport" time="0.0">
    <ignored/>
  </testcase> <!-- @AfterSuite generateReport -->
</testsuite> <!-- TestP -->
