<?xml version="1.0" encoding="UTF-8"?>
<testng-results ignored="0" total="4" passed="4" failed="0" skipped="0">
  <reporter-output>
    <line>
      <![CDATA[Home Page is Displayed]]>
    </line>
    <line>
      <![CDATA[Err Msg is Displayed]]>
    </line>
    <line>
      <![CDATA[Home Page is Displayed]]>
    </line>
    <line>
      <![CDATA[Err Msg is Displayed]]>
    </line>
  </reporter-output>
  <suite started-at="2024-10-23T11:28:12 IST" name="Suite" finished-at="2024-10-23T11:28:31 IST" duration-ms="19237">
    <groups>
    </groups>
    <test started-at="2024-10-23T11:28:12 IST" name="TestQA" finished-at="2024-10-23T11:28:23 IST" duration-ms="10745">
      <class name="script.InvalidLogin">
        <test-method is-config="true" signature="preCondition(java.lang.reflect.Method,java.lang.String)[pri:0, instance:script.InvalidLogin@49e53c76]" started-at="2024-10-23T11:28:19 IST" name="preCondition" finished-at="2024-10-23T11:28:21 IST" duration-ms="2859" status="PASS">
          <params>
            <param index="0">
              <value>
                <![CDATA[public void script.InvalidLogin.testInvalidLogin()]]>
              </value>
            </param>
            <param index="1">
              <value>
                <![CDATA[config.properties]]>
              </value>
            </param>
          </params>
          <reporter-output>
          </reporter-output>
        </test-method> <!-- preCondition -->
        <test-method signature="testInvalidLogin()[pri:2, instance:script.InvalidLogin@49e53c76]" started-at="2024-10-23T11:28:21 IST" name="testInvalidLogin" finished-at="2024-10-23T11:28:22 IST" duration-ms="987" status="PASS">
          <reporter-output>
            <line>
              <![CDATA[Err Msg is Displayed]]>
            </line>
          </reporter-output>
        </test-method> <!-- testInvalidLogin -->
        <test-method is-config="true" signature="postCondition(org.testng.ITestResult)[pri:0, instance:script.InvalidLogin@49e53c76]" started-at="2024-10-23T11:28:22 IST" name="postCondition" finished-at="2024-10-23T11:28:23 IST" duration-ms="219" status="PASS">
          <params>
            <param index="0">
              <value>
                <![CDATA[[TestResult name=testInvalidLogin status=SUCCESS method=InvalidLogin.testInvalidLogin()[pri:2, instance:script.InvalidLogin@49e53c76] output=Err Msg is Displayed]]]>
              </value>
            </param>
          </params>
          <reporter-output>
          </reporter-output>
        </test-method> <!-- postCondition -->
      </class> <!-- script.InvalidLogin -->
      <class name="script.ValidLogin">
        <test-method is-config="true" signature="preCondition(java.lang.reflect.Method,java.lang.String)[pri:0, instance:script.ValidLogin@18078bef]" started-at="2024-10-23T11:28:12 IST" name="preCondition" finished-at="2024-10-23T11:28:16 IST" duration-ms="4202" status="PASS">
          <params>
            <param index="0">
              <value>
                <![CDATA[public void script.ValidLogin.testValidLogin()]]>
              </value>
            </param>
            <param index="1">
              <value>
                <![CDATA[config.properties]]>
              </value>
            </param>
          </params>
          <reporter-output>
          </reporter-output>
        </test-method> <!-- preCondition -->
        <test-method signature="testValidLogin()[pri:1, instance:script.ValidLogin@18078bef]" started-at="2024-10-23T11:28:16 IST" name="testValidLogin" finished-at="2024-10-23T11:28:18 IST" duration-ms="2193" status="PASS">
          <reporter-output>
            <line>
              <![CDATA[Home Page is Displayed]]>
            </line>
          </reporter-output>
        </test-method> <!-- testValidLogin -->
        <test-method is-config="true" signature="postCondition(org.testng.ITestResult)[pri:0, instance:script.ValidLogin@18078bef]" started-at="2024-10-23T11:28:18 IST" name="postCondition" finished-at="2024-10-23T11:28:19 IST" duration-ms="242" status="PASS">
          <params>
            <param index="0">
              <value>
                <![CDATA[[TestResult name=testValidLogin status=SUCCESS method=ValidLogin.testValidLogin()[pri:1, instance:script.ValidLogin@18078bef] output=Home Page is Displayed]]]>
              </value>
            </param>
          </params>
          <reporter-output>
          </reporter-output>
        </test-method> <!-- postCondition -->
      </class> <!-- script.ValidLogin -->
    </test> <!-- TestQA -->
    <test started-at="2024-10-23T11:28:12 IST" name="TestP" finished-at="2024-10-23T11:28:31 IST" duration-ms="19237">
      <class name="script.InvalidLogin">
        <test-method is-config="true" signature="initReport()[pri:0, instance:script.InvalidLogin@4afcd809]" started-at="2024-10-23T11:28:12 IST" name="initReport" finished-at="2024-10-23T11:28:12 IST" duration-ms="298" status="PASS">
          <reporter-output>
          </reporter-output>
        </test-method> <!-- initReport -->
        <test-method is-config="true" signature="preCondition(java.lang.reflect.Method,java.lang.String)[pri:0, instance:script.InvalidLogin@4afcd809]" started-at="2024-10-23T11:28:25 IST" name="preCondition" finished-at="2024-10-23T11:28:30 IST" duration-ms="5003" status="PASS">
          <params>
            <param index="0">
              <value>
                <![CDATA[public void script.InvalidLogin.testInvalidLogin()]]>
              </value>
            </param>
            <param index="1">
              <value>
                <![CDATA[qa.properties]]>
              </value>
            </param>
          </params>
          <reporter-output>
          </reporter-output>
        </test-method> <!-- preCondition -->
        <test-method signature="testInvalidLogin()[pri:2, instance:script.InvalidLogin@4afcd809]" started-at="2024-10-23T11:28:30 IST" name="testInvalidLogin" finished-at="2024-10-23T11:28:30 IST" duration-ms="541" status="PASS">
          <reporter-output>
            <line>
              <![CDATA[Err Msg is Displayed]]>
            </line>
          </reporter-output>
        </test-method> <!-- testInvalidLogin -->
        <test-method is-config="true" signature="postCondition(org.testng.ITestResult)[pri:0, instance:script.InvalidLogin@4afcd809]" started-at="2024-10-23T11:28:30 IST" name="postCondition" finished-at="2024-10-23T11:28:31 IST" duration-ms="985" status="PASS">
          <params>
            <param index="0">
              <value>
                <![CDATA[[TestResult name=testInvalidLogin status=SUCCESS method=InvalidLogin.testInvalidLogin()[pri:2, instance:script.InvalidLogin@4afcd809] output=Err Msg is Displayed]]]>
              </value>
            </param>
          </params>
          <reporter-output>
          </reporter-output>
        </test-method> <!-- postCondition -->
        <test-method is-config="true" signature="generateReport()[pri:0, instance:script.InvalidLogin@4afcd809]" started-at="2024-10-23T11:28:31 IST" name="generateReport" finished-at="2024-10-23T11:28:32 IST" duration-ms="409" status="PASS">
          <reporter-output>
          </reporter-output>
        </test-method> <!-- generateReport -->
      </class> <!-- script.InvalidLogin -->
      <class name="script.ValidLogin">
        <test-method is-config="true" signature="preCondition(java.lang.reflect.Method,java.lang.String)[pri:0, instance:script.ValidLogin@175c2241]" started-at="2024-10-23T11:28:12 IST" name="preCondition" finished-at="2024-10-23T11:28:22 IST" duration-ms="9821" status="PASS">
          <params>
            <param index="0">
              <value>
                <![CDATA[public void script.ValidLogin.testValidLogin()]]>
              </value>
            </param>
            <param index="1">
              <value>
                <![CDATA[qa.properties]]>
              </value>
            </param>
          </params>
          <reporter-output>
          </reporter-output>
        </test-method> <!-- preCondition -->
        <test-method signature="testValidLogin()[pri:1, instance:script.ValidLogin@175c2241]" started-at="2024-10-23T11:28:22 IST" name="testValidLogin" finished-at="2024-10-23T11:28:24 IST" duration-ms="1926" status="PASS">
          <reporter-output>
            <line>
              <![CDATA[Home Page is Displayed]]>
            </line>
          </reporter-output>
        </test-method> <!-- testValidLogin -->
        <test-method is-config="true" signature="postCondition(org.testng.ITestResult)[pri:0, instance:script.ValidLogin@175c2241]" started-at="2024-10-23T11:28:24 IST" name="postCondition" finished-at="2024-10-23T11:28:25 IST" duration-ms="922" status="PASS">
          <params>
            <param index="0">
              <value>
                <![CDATA[[TestResult name=testValidLogin status=SUCCESS method=ValidLogin.testValidLogin()[pri:1, instance:script.ValidLogin@175c2241] output=Home Page is Displayed]]]>
              </value>
            </param>
          </params>
          <reporter-output>
          </reporter-output>
        </test-method> <!-- postCondition -->
      </class> <!-- script.ValidLogin -->
    </test> <!-- TestP -->
  </suite> <!-- Suite -->
</testng-results>
