<?xml version="1.0" encoding="UTF-8"?>
<testng-results ignored="0" total="6" passed="6" failed="0" skipped="0">
  <reporter-output>
  </reporter-output>
  <suite started-at="2024-10-21T11:33:47 IST" name="Suite" finished-at="2024-10-21T11:34:12 IST" duration-ms="24330">
    <groups>
    </groups>
    <test started-at="2024-10-21T11:33:47 IST" name="TestQA" finished-at="2024-10-21T11:33:57 IST" duration-ms="9808">
      <class name="script.Demo3">
        <test-method is-config="true" signature="preCondition(java.lang.reflect.Method,java.lang.String)[pri:0, instance:script.Demo3@313ac989]" started-at="2024-10-21T11:33:54 IST" name="preCondition" finished-at="2024-10-21T11:33:57 IST" duration-ms="2571" status="PASS">
          <params>
            <param index="0">
              <value>
                <![CDATA[public void script.Demo3.testC()]]>
              </value>
            </param>
            <param index="1">
              <value>
                <![CDATA[config.properties]]>
              </value>
            </param>
          </params>
          <reporter-output>
          </reporter-output>
        </test-method> <!-- preCondition -->
        <test-method signature="testC()[pri:0, instance:script.Demo3@313ac989]" started-at="2024-10-21T11:33:57 IST" name="testC" finished-at="2024-10-21T11:33:57 IST" duration-ms="22" status="PASS">
          <reporter-output>
          </reporter-output>
        </test-method> <!-- testC -->
        <test-method is-config="true" signature="postCondition(org.testng.ITestResult)[pri:0, instance:script.Demo3@313ac989]" started-at="2024-10-21T11:33:57 IST" name="postCondition" finished-at="2024-10-21T11:33:57 IST" duration-ms="226" status="PASS">
          <params>
            <param index="0">
              <value>
                <![CDATA[[TestResult name=testC status=SUCCESS method=Demo3.testC()[pri:0, instance:script.Demo3@313ac989] output={null}]]]>
              </value>
            </param>
          </params>
          <reporter-output>
          </reporter-output>
        </test-method> <!-- postCondition -->
      </class> <!-- script.Demo3 -->
      <class name="script.Demo2">
        <test-method is-config="true" signature="preCondition(java.lang.reflect.Method,java.lang.String)[pri:0, instance:script.Demo2@3023df74]" started-at="2024-10-21T11:33:52 IST" name="preCondition" finished-at="2024-10-21T11:33:54 IST" duration-ms="2426" status="PASS">
          <params>
            <param index="0">
              <value>
                <![CDATA[public void script.Demo2.testB()]]>
              </value>
            </param>
            <param index="1">
              <value>
                <![CDATA[config.properties]]>
              </value>
            </param>
          </params>
          <reporter-output>
          </reporter-output>
        </test-method> <!-- preCondition -->
        <test-method signature="testB()[pri:0, instance:script.Demo2@3023df74]" started-at="2024-10-21T11:33:54 IST" name="testB" finished-at="2024-10-21T11:33:54 IST" duration-ms="30" status="PASS">
          <reporter-output>
          </reporter-output>
        </test-method> <!-- testB -->
        <test-method is-config="true" signature="postCondition(org.testng.ITestResult)[pri:0, instance:script.Demo2@3023df74]" started-at="2024-10-21T11:33:54 IST" name="postCondition" finished-at="2024-10-21T11:33:54 IST" duration-ms="186" status="PASS">
          <params>
            <param index="0">
              <value>
                <![CDATA[[TestResult name=testB status=SUCCESS method=Demo2.testB()[pri:0, instance:script.Demo2@3023df74] output={null}]]]>
              </value>
            </param>
          </params>
          <reporter-output>
          </reporter-output>
        </test-method> <!-- postCondition -->
      </class> <!-- script.Demo2 -->
      <class name="script.Demo1">
        <test-method is-config="true" signature="preCondition(java.lang.reflect.Method,java.lang.String)[pri:0, instance:script.Demo1@35d019a3]" started-at="2024-10-21T11:33:48 IST" name="preCondition" finished-at="2024-10-21T11:33:50 IST" duration-ms="2888" status="PASS">
          <params>
            <param index="0">
              <value>
                <![CDATA[public void script.Demo1.testA()]]>
              </value>
            </param>
            <param index="1">
              <value>
                <![CDATA[config.properties]]>
              </value>
            </param>
          </params>
          <reporter-output>
          </reporter-output>
        </test-method> <!-- preCondition -->
        <test-method signature="testA()[pri:0, instance:script.Demo1@35d019a3]" started-at="2024-10-21T11:33:50 IST" name="testA" finished-at="2024-10-21T11:33:52 IST" duration-ms="1244" status="PASS">
          <reporter-output>
          </reporter-output>
        </test-method> <!-- testA -->
        <test-method is-config="true" signature="postCondition(org.testng.ITestResult)[pri:0, instance:script.Demo1@35d019a3]" started-at="2024-10-21T11:33:52 IST" name="postCondition" finished-at="2024-10-21T11:33:52 IST" duration-ms="138" status="PASS">
          <params>
            <param index="0">
              <value>
                <![CDATA[[TestResult name=testA status=SUCCESS method=Demo1.testA()[pri:0, instance:script.Demo1@35d019a3] output={null}]]]>
              </value>
            </param>
          </params>
          <reporter-output>
          </reporter-output>
        </test-method> <!-- postCondition -->
      </class> <!-- script.Demo1 -->
    </test> <!-- TestQA -->
    <test started-at="2024-10-21T11:33:47 IST" name="TestP" finished-at="2024-10-21T11:34:12 IST" duration-ms="24330">
      <class name="script.Demo3">
        <test-method is-config="true" signature="preCondition(java.lang.reflect.Method,java.lang.String)[pri:0, instance:script.Demo3@75d4a5c2]" started-at="2024-10-21T11:34:05 IST" name="preCondition" finished-at="2024-10-21T11:34:11 IST" duration-ms="5685" status="PASS">
          <params>
            <param index="0">
              <value>
                <![CDATA[public void script.Demo3.testC()]]>
              </value>
            </param>
            <param index="1">
              <value>
                <![CDATA[qa.properties]]>
              </value>
            </param>
          </params>
          <reporter-output>
          </reporter-output>
        </test-method> <!-- preCondition -->
        <test-method signature="testC()[pri:0, instance:script.Demo3@75d4a5c2]" started-at="2024-10-21T11:34:11 IST" name="testC" finished-at="2024-10-21T11:34:11 IST" duration-ms="10" status="PASS">
          <reporter-output>
          </reporter-output>
        </test-method> <!-- testC -->
        <test-method is-config="true" signature="postCondition(org.testng.ITestResult)[pri:0, instance:script.Demo3@75d4a5c2]" started-at="2024-10-21T11:34:11 IST" name="postCondition" finished-at="2024-10-21T11:34:12 IST" duration-ms="1051" status="PASS">
          <params>
            <param index="0">
              <value>
                <![CDATA[[TestResult name=testC status=SUCCESS method=Demo3.testC()[pri:0, instance:script.Demo3@75d4a5c2] output={null}]]]>
              </value>
            </param>
          </params>
          <reporter-output>
          </reporter-output>
        </test-method> <!-- postCondition -->
      </class> <!-- script.Demo3 -->
      <class name="script.Demo2">
        <test-method is-config="true" signature="preCondition(java.lang.reflect.Method,java.lang.String)[pri:0, instance:script.Demo2@7c7a06ec]" started-at="2024-10-21T11:33:58 IST" name="preCondition" finished-at="2024-10-21T11:34:04 IST" duration-ms="6068" status="PASS">
          <params>
            <param index="0">
              <value>
                <![CDATA[public void script.Demo2.testB()]]>
              </value>
            </param>
            <param index="1">
              <value>
                <![CDATA[qa.properties]]>
              </value>
            </param>
          </params>
          <reporter-output>
          </reporter-output>
        </test-method> <!-- preCondition -->
        <test-method signature="testB()[pri:0, instance:script.Demo2@7c7a06ec]" started-at="2024-10-21T11:34:04 IST" name="testB" finished-at="2024-10-21T11:34:04 IST" duration-ms="13" status="PASS">
          <reporter-output>
          </reporter-output>
        </test-method> <!-- testB -->
        <test-method is-config="true" signature="postCondition(org.testng.ITestResult)[pri:0, instance:script.Demo2@7c7a06ec]" started-at="2024-10-21T11:34:04 IST" name="postCondition" finished-at="2024-10-21T11:34:05 IST" duration-ms="1328" status="PASS">
          <params>
            <param index="0">
              <value>
                <![CDATA[[TestResult name=testB status=SUCCESS method=Demo2.testB()[pri:0, instance:script.Demo2@7c7a06ec] output={null}]]]>
              </value>
            </param>
          </params>
          <reporter-output>
          </reporter-output>
        </test-method> <!-- postCondition -->
      </class> <!-- script.Demo2 -->
      <class name="script.Demo1">
        <test-method is-config="true" signature="initReport()[pri:0, instance:script.Demo1@1d296da]" started-at="2024-10-21T11:33:47 IST" name="initReport" finished-at="2024-10-21T11:33:47 IST" duration-ms="302" status="PASS">
          <reporter-output>
          </reporter-output>
        </test-method> <!-- initReport -->
        <test-method is-config="true" signature="preCondition(java.lang.reflect.Method,java.lang.String)[pri:0, instance:script.Demo1@1d296da]" started-at="2024-10-21T11:33:48 IST" name="preCondition" finished-at="2024-10-21T11:33:56 IST" duration-ms="8199" status="PASS">
          <params>
            <param index="0">
              <value>
                <![CDATA[public void script.Demo1.testA()]]>
              </value>
            </param>
            <param index="1">
              <value>
                <![CDATA[qa.properties]]>
              </value>
            </param>
          </params>
          <reporter-output>
          </reporter-output>
        </test-method> <!-- preCondition -->
        <test-method signature="testA()[pri:0, instance:script.Demo1@1d296da]" started-at="2024-10-21T11:33:56 IST" name="testA" finished-at="2024-10-21T11:33:56 IST" duration-ms="328" status="PASS">
          <reporter-output>
          </reporter-output>
        </test-method> <!-- testA -->
        <test-method is-config="true" signature="postCondition(org.testng.ITestResult)[pri:0, instance:script.Demo1@1d296da]" started-at="2024-10-21T11:33:56 IST" name="postCondition" finished-at="2024-10-21T11:33:58 IST" duration-ms="1581" status="PASS">
          <params>
            <param index="0">
              <value>
                <![CDATA[[TestResult name=testA status=SUCCESS method=Demo1.testA()[pri:0, instance:script.Demo1@1d296da] output={null}]]]>
              </value>
            </param>
          </params>
          <reporter-output>
          </reporter-output>
        </test-method> <!-- postCondition -->
        <test-method is-config="true" signature="generateReport()[pri:0, instance:script.Demo1@1d296da]" started-at="2024-10-21T11:34:12 IST" name="generateReport" finished-at="2024-10-21T11:34:12 IST" duration-ms="523" status="PASS">
          <reporter-output>
          </reporter-output>
        </test-method> <!-- generateReport -->
      </class> <!-- script.Demo1 -->
    </test> <!-- TestP -->
  </suite> <!-- Suite -->
</testng-results>
