<?xml version="1.0" encoding="UTF-8"?>
<testng-results ignored="0" total="6" passed="6" failed="0" skipped="0">
  <reporter-output>
  </reporter-output>
  <suite started-at="2024-10-21T11:32:14 IST" name="Suite" finished-at="2024-10-21T11:32:42 IST" duration-ms="27771">
    <groups>
    </groups>
    <test started-at="2024-10-21T11:32:14 IST" name="TestQA" finished-at="2024-10-21T11:32:24 IST" duration-ms="9278">
      <class name="script.Demo3">
        <test-method is-config="true" signature="preCondition(java.lang.reflect.Method,java.lang.String)[pri:0, instance:script.Demo3@510f3d34]" started-at="2024-10-21T11:32:21 IST" name="preCondition" finished-at="2024-10-21T11:32:23 IST" duration-ms="2233" status="PASS">
          <params>
            <param index="0">
              <value>
                <![CDATA[public void script.Demo3.testC()]]>
              </value>
            </param>
            <param index="1">
              <value>
                <![CDATA[config.properties]]>
              </value>
            </param>
          </params>
          <reporter-output>
          </reporter-output>
        </test-method> <!-- preCondition -->
        <test-method signature="testC()[pri:0, instance:script.Demo3@510f3d34]" started-at="2024-10-21T11:32:23 IST" name="testC" finished-at="2024-10-21T11:32:23 IST" duration-ms="25" status="PASS">
          <reporter-output>
          </reporter-output>
        </test-method> <!-- testC -->
        <test-method is-config="true" signature="postCondition(org.testng.ITestResult)[pri:0, instance:script.Demo3@510f3d34]" started-at="2024-10-21T11:32:23 IST" name="postCondition" finished-at="2024-10-21T11:32:24 IST" duration-ms="201" status="PASS">
          <params>
            <param index="0">
              <value>
                <![CDATA[[TestResult name=testC status=SUCCESS method=Demo3.testC()[pri:0, instance:script.Demo3@510f3d34] output={null}]]]>
              </value>
            </param>
          </params>
          <reporter-output>
          </reporter-output>
        </test-method> <!-- postCondition -->
      </class> <!-- script.Demo3 -->
      <class name="script.Demo2">
        <test-method is-config="true" signature="preCondition(java.lang.reflect.Method,java.lang.String)[pri:0, instance:script.Demo2@6ad82709]" started-at="2024-10-21T11:32:19 IST" name="preCondition" finished-at="2024-10-21T11:32:21 IST" duration-ms="2395" status="PASS">
          <params>
            <param index="0">
              <value>
                <![CDATA[public void script.Demo2.testB()]]>
              </value>
            </param>
            <param index="1">
              <value>
                <![CDATA[config.properties]]>
              </value>
            </param>
          </params>
          <reporter-output>
          </reporter-output>
        </test-method> <!-- preCondition -->
        <test-method signature="testB()[pri:0, instance:script.Demo2@6ad82709]" started-at="2024-10-21T11:32:21 IST" name="testB" finished-at="2024-10-21T11:32:21 IST" duration-ms="16" status="PASS">
          <reporter-output>
          </reporter-output>
        </test-method> <!-- testB -->
        <test-method is-config="true" signature="postCondition(org.testng.ITestResult)[pri:0, instance:script.Demo2@6ad82709]" started-at="2024-10-21T11:32:21 IST" name="postCondition" finished-at="2024-10-21T11:32:21 IST" duration-ms="174" status="PASS">
          <params>
            <param index="0">
              <value>
                <![CDATA[[TestResult name=testB status=SUCCESS method=Demo2.testB()[pri:0, instance:script.Demo2@6ad82709] output={null}]]]>
              </value>
            </param>
          </params>
          <reporter-output>
          </reporter-output>
        </test-method> <!-- postCondition -->
      </class> <!-- script.Demo2 -->
      <class name="script.Demo1">
        <test-method is-config="true" signature="preCondition(java.lang.reflect.Method,java.lang.String)[pri:0, instance:script.Demo1@45c7e403]" started-at="2024-10-21T11:32:14 IST" name="preCondition" finished-at="2024-10-21T11:32:17 IST" duration-ms="2948" status="PASS">
          <params>
            <param index="0">
              <value>
                <![CDATA[public void script.Demo1.testA()]]>
              </value>
            </param>
            <param index="1">
              <value>
                <![CDATA[config.properties]]>
              </value>
            </param>
          </params>
          <reporter-output>
          </reporter-output>
        </test-method> <!-- preCondition -->
        <test-method signature="testA()[pri:0, instance:script.Demo1@45c7e403]" started-at="2024-10-21T11:32:17 IST" name="testA" finished-at="2024-10-21T11:32:18 IST" duration-ms="965" status="PASS">
          <reporter-output>
          </reporter-output>
        </test-method> <!-- testA -->
        <test-method is-config="true" signature="postCondition(org.testng.ITestResult)[pri:0, instance:script.Demo1@45c7e403]" started-at="2024-10-21T11:32:18 IST" name="postCondition" finished-at="2024-10-21T11:32:19 IST" duration-ms="214" status="PASS">
          <params>
            <param index="0">
              <value>
                <![CDATA[[TestResult name=testA status=SUCCESS method=Demo1.testA()[pri:0, instance:script.Demo1@45c7e403] output={null}]]]>
              </value>
            </param>
          </params>
          <reporter-output>
          </reporter-output>
        </test-method> <!-- postCondition -->
      </class> <!-- script.Demo1 -->
    </test> <!-- TestQA -->
    <test started-at="2024-10-21T11:32:14 IST" name="TestP" finished-at="2024-10-21T11:32:42 IST" duration-ms="27771">
      <class name="script.Demo3">
        <test-method is-config="true" signature="preCondition(java.lang.reflect.Method,java.lang.String)[pri:0, instance:script.Demo3@2e377400]" started-at="2024-10-21T11:32:36 IST" name="preCondition" finished-at="2024-10-21T11:32:41 IST" duration-ms="5397" status="PASS">
          <params>
            <param index="0">
              <value>
                <![CDATA[public void script.Demo3.testC()]]>
              </value>
            </param>
            <param index="1">
              <value>
                <![CDATA[qa.properties]]>
              </value>
            </param>
          </params>
          <reporter-output>
          </reporter-output>
        </test-method> <!-- preCondition -->
        <test-method signature="testC()[pri:0, instance:script.Demo3@2e377400]" started-at="2024-10-21T11:32:41 IST" name="testC" finished-at="2024-10-21T11:32:41 IST" duration-ms="5" status="PASS">
          <reporter-output>
          </reporter-output>
        </test-method> <!-- testC -->
        <test-method is-config="true" signature="postCondition(org.testng.ITestResult)[pri:0, instance:script.Demo3@2e377400]" started-at="2024-10-21T11:32:41 IST" name="postCondition" finished-at="2024-10-21T11:32:42 IST" duration-ms="1140" status="PASS">
          <params>
            <param index="0">
              <value>
                <![CDATA[[TestResult name=testC status=SUCCESS method=Demo3.testC()[pri:0, instance:script.Demo3@2e377400] output={null}]]]>
              </value>
            </param>
          </params>
          <reporter-output>
          </reporter-output>
        </test-method> <!-- postCondition -->
      </class> <!-- script.Demo3 -->
      <class name="script.Demo2">
        <test-method is-config="true" signature="preCondition(java.lang.reflect.Method,java.lang.String)[pri:0, instance:script.Demo2@561b6512]" started-at="2024-10-21T11:32:29 IST" name="preCondition" finished-at="2024-10-21T11:32:34 IST" duration-ms="5378" status="PASS">
          <params>
            <param index="0">
              <value>
                <![CDATA[public void script.Demo2.testB()]]>
              </value>
            </param>
            <param index="1">
              <value>
                <![CDATA[qa.properties]]>
              </value>
            </param>
          </params>
          <reporter-output>
          </reporter-output>
        </test-method> <!-- preCondition -->
        <test-method signature="testB()[pri:0, instance:script.Demo2@561b6512]" started-at="2024-10-21T11:32:34 IST" name="testB" finished-at="2024-10-21T11:32:34 IST" duration-ms="8" status="PASS">
          <reporter-output>
          </reporter-output>
        </test-method> <!-- testB -->
        <test-method is-config="true" signature="postCondition(org.testng.ITestResult)[pri:0, instance:script.Demo2@561b6512]" started-at="2024-10-21T11:32:34 IST" name="postCondition" finished-at="2024-10-21T11:32:36 IST" duration-ms="1217" status="PASS">
          <params>
            <param index="0">
              <value>
                <![CDATA[[TestResult name=testB status=SUCCESS method=Demo2.testB()[pri:0, instance:script.Demo2@561b6512] output={null}]]]>
              </value>
            </param>
          </params>
          <reporter-output>
          </reporter-output>
        </test-method> <!-- postCondition -->
      </class> <!-- script.Demo2 -->
      <class name="script.Demo1">
        <test-method is-config="true" signature="initReport()[pri:0, instance:script.Demo1@7494f96a]" started-at="2024-10-21T11:32:14 IST" name="initReport" finished-at="2024-10-21T11:32:14 IST" duration-ms="422" status="PASS">
          <reporter-output>
          </reporter-output>
        </test-method> <!-- initReport -->
        <test-method is-config="true" signature="preCondition(java.lang.reflect.Method,java.lang.String)[pri:0, instance:script.Demo1@7494f96a]" started-at="2024-10-21T11:32:14 IST" name="preCondition" finished-at="2024-10-21T11:32:28 IST" duration-ms="13284" status="PASS">
          <params>
            <param index="0">
              <value>
                <![CDATA[public void script.Demo1.testA()]]>
              </value>
            </param>
            <param index="1">
              <value>
                <![CDATA[qa.properties]]>
              </value>
            </param>
          </params>
          <reporter-output>
          </reporter-output>
        </test-method> <!-- preCondition -->
        <test-method signature="testA()[pri:0, instance:script.Demo1@7494f96a]" started-at="2024-10-21T11:32:28 IST" name="testA" finished-at="2024-10-21T11:32:28 IST" duration-ms="69" status="PASS">
          <reporter-output>
          </reporter-output>
        </test-method> <!-- testA -->
        <test-method is-config="true" signature="postCondition(org.testng.ITestResult)[pri:0, instance:script.Demo1@7494f96a]" started-at="2024-10-21T11:32:28 IST" name="postCondition" finished-at="2024-10-21T11:32:29 IST" duration-ms="1181" status="PASS">
          <params>
            <param index="0">
              <value>
                <![CDATA[[TestResult name=testA status=SUCCESS method=Demo1.testA()[pri:0, instance:script.Demo1@7494f96a] output={null}]]]>
              </value>
            </param>
          </params>
          <reporter-output>
          </reporter-output>
        </test-method> <!-- postCondition -->
        <test-method is-config="true" signature="generateReport()[pri:0, instance:script.Demo1@7494f96a]" started-at="2024-10-21T11:32:42 IST" name="generateReport" finished-at="2024-10-21T11:32:43 IST" duration-ms="586" status="PASS">
          <reporter-output>
          </reporter-output>
        </test-method> <!-- generateReport -->
      </class> <!-- script.Demo1 -->
    </test> <!-- TestP -->
  </suite> <!-- Suite -->
</testng-results>
